<?xml version="1.0" encoding="UTF-8"?>
<Site BuildName="Linux-g++"
	BuildStamp="20231118-0421-Experimental"
	Name="DebianTP"
	Generator="ctest-3.25.1"
	CompilerName="/usr/bin/g++"
	CompilerVersion="12.2.0"
	OSName="Linux"
	Hostname="DebianTP"
	OSRelease="6.1.0-13-amd64"
	OSVersion="#1 SMP PREEMPT_DYNAMIC Debian 6.1.55-1 (2023-09-29)"
	OSPlatform="x86_64"
	Is64Bits="1"
	VendorString="AuthenticAMD"
	VendorID="Advanced Micro Devices"
	FamilyID="23"
	ModelID="104"
	ProcessorCacheSize="512"
	NumberOfLogicalCPU="16"
	NumberOfPhysicalCPU="8"
	TotalVirtualMemory="976"
	TotalPhysicalMemory="14800"
	LogicalProcessorsPerPhysical="2"
	ProcessorClockFrequency="4055.99"
	>
	<Testing>
		<StartDateTime>Nov 18 05:24 CET</StartDateTime>
		<StartTestTime>1700281487</StartTestTime>
		<TestList/>
		<EndDateTime>Nov 18 05:24 CET</EndDateTime>
		<EndTestTime>1700281487</EndTestTime>
		<ElapsedMinutes>0</ElapsedMinutes>
	</Testing>
</Site>
